<?xml version="1.0" encoding="UTF-8"?>
<!-- Generated by org.testng.reporters.JUnitReportReporter -->
<testsuite hostname="DESKTOP-0QVT778" name="Testcases.TestSendEmailFullFlow" tests="15" failures="0" timestamp="23 Oct 2016 08:45:14 GMT" time="343.203" errors="0">
  <testcase name="checkSendMailSuccessfully" time="2.679" classname="Testcases.TestSendEmailFullFlow"/>
  <testcase name="sendMail" time="52.976" classname="Testcases.TestSendEmailFullFlow"/>
  <testcase name="TestAccountBReceiveMailSuccessfullyWithCorrectContent" time="2.766" classname="Testcases.TestSendEmailFullFlow"/>
  <testcase name="sendMail" time="40.609" classname="Testcases.TestSendEmailFullFlow"/>
  <testcase name="checkSendMailSuccessfully" time="9.290" classname="Testcases.TestSendEmailFullFlow"/>
  <testcase name="TestAccountBReceiveMailSuccessfullyWithCorrectContent" time="26.494" classname="Testcases.TestSendEmailFullFlow"/>
  <testcase name="sendMail" time="80.548" classname="Testcases.TestSendEmailFullFlow"/>
  <testcase name="checkSendMailSuccessfully" time="4.225" classname="Testcases.TestSendEmailFullFlow"/>
  <testcase name="checkSendMailSuccessfully" time="3.005" classname="Testcases.TestSendEmailFullFlow"/>
  <testcase name="TestAccountBReceiveMailSuccessfullyWithCorrectContent" time="3.459" classname="Testcases.TestSendEmailFullFlow"/>
  <testcase name="TestAccountBReceiveMailSuccessfullyWithCorrectContent" time="3.199" classname="Testcases.TestSendEmailFullFlow"/>
  <testcase name="TestAccountBReceiveMailSuccessfullyWithCorrectContent" time="3.288" classname="Testcases.TestSendEmailFullFlow"/>
  <testcase name="sendMail" time="56.406" classname="Testcases.TestSendEmailFullFlow"/>
  <testcase name="checkSendMailSuccessfully" time="3.130" classname="Testcases.TestSendEmailFullFlow"/>
  <testcase name="sendMail" time="51.129" classname="Testcases.TestSendEmailFullFlow"/>
</testsuite> <!-- Testcases.TestSendEmailFullFlow -->
