<?xml version="1.0" encoding="UTF-8"?>
<!-- Generated by org.testng.reporters.JUnitReportReporter -->
<testsuite hostname="DESKTOP-0QVT778" name="Testcases.TestExchangeAccount" tests="1" failures="0" timestamp="20 Oct 2016 09:35:39 GMT" time="26.754" errors="0">
  <testcase name="testingaddOutlook" time="26.754" classname="Testcases.TestExchangeAccount"/>
</testsuite> <!-- Testcases.TestExchangeAccount -->
