<?xml version="1.0" encoding="UTF-8"?>
<!-- Generated by org.testng.reporters.JUnitReportReporter -->
<testsuite hostname="DESKTOP-0QVT778" name="Testcases.TestForwardEmailFullFlow" tests="20" failures="0" timestamp="23 Oct 2016 16:07:59 GMT" time="801.089" errors="0">
  <testcase name="account2ForwardMailToAccount3" time="85.410" classname="Testcases.TestForwardEmailFullFlow"/>
  <testcase name="checkAccount2ForwardMailSuccessfully" time="5.154" classname="Testcases.TestForwardEmailFullFlow"/>
  <testcase name="account01sendMailToAccount02" time="50.784" classname="Testcases.TestForwardEmailFullFlow"/>
  <testcase name="checkAccount2ForwardMailSuccessfully" time="6.077" classname="Testcases.TestForwardEmailFullFlow"/>
  <testcase name="checkAccount2ForwardMailSuccessfully" time="4.376" classname="Testcases.TestForwardEmailFullFlow"/>
  <testcase name="testAccount3ReceiveCorrectForwardEmail" time="6.189" classname="Testcases.TestForwardEmailFullFlow"/>
  <testcase name="account2ForwardMailToAccount3" time="35.985" classname="Testcases.TestForwardEmailFullFlow"/>
  <testcase name="checkAccount2ForwardMailSuccessfully" time="5.578" classname="Testcases.TestForwardEmailFullFlow"/>
  <testcase name="testAccount3ReceiveCorrectForwardEmail" time="4.982" classname="Testcases.TestForwardEmailFullFlow"/>
  <testcase name="testAccount3ReceiveCorrectForwardEmail" time="5.966" classname="Testcases.TestForwardEmailFullFlow"/>
  <testcase name="account2ForwardMailToAccount3" time="95.058" classname="Testcases.TestForwardEmailFullFlow"/>
  <testcase name="testAccount3ReceiveCorrectForwardEmail" time="6.654" classname="Testcases.TestForwardEmailFullFlow"/>
  <testcase name="testAccount3ReceiveCorrectForwardEmail" time="6.915" classname="Testcases.TestForwardEmailFullFlow"/>
  <testcase name="account01sendMailToAccount02" time="80.117" classname="Testcases.TestForwardEmailFullFlow"/>
  <testcase name="account01sendMailToAccount02" time="76.652" classname="Testcases.TestForwardEmailFullFlow"/>
  <testcase name="account2ForwardMailToAccount3" time="78.579" classname="Testcases.TestForwardEmailFullFlow"/>
  <testcase name="account2ForwardMailToAccount3" time="104.875" classname="Testcases.TestForwardEmailFullFlow"/>
  <testcase name="account01sendMailToAccount02" time="84.681" classname="Testcases.TestForwardEmailFullFlow"/>
  <testcase name="account01sendMailToAccount02" time="53.491" classname="Testcases.TestForwardEmailFullFlow"/>
  <testcase name="checkAccount2ForwardMailSuccessfully" time="3.566" classname="Testcases.TestForwardEmailFullFlow"/>
</testsuite> <!-- Testcases.TestForwardEmailFullFlow -->
