<?xml version="1.0" encoding="UTF-8"?>
<!-- Generated by org.testng.reporters.JUnitReportReporter -->
<testsuite hostname="DESKTOP-MV11GS7" name="Testcases.TestForwardMail" tests="20" failures="0" timestamp="19 Aug 2016 12:58:33 GMT" time="1088.258" errors="0">
  <testcase name="checkAccount2ForwardMailSuccessfully" time="4.638" classname="Testcases.TestForwardMail"/>
  <testcase name="testAccount3ReceiveCorrectForwardEmail" time="4.320" classname="Testcases.TestForwardMail"/>
  <testcase name="account2ForwardMailToAccount3" time="101.717" classname="Testcases.TestForwardMail"/>
  <testcase name="account2ForwardMailToAccount3" time="89.533" classname="Testcases.TestForwardMail"/>
  <testcase name="testAccount3ReceiveCorrectForwardEmail" time="4.851" classname="Testcases.TestForwardMail"/>
  <testcase name="account01sendMailToAccount02" time="108.822" classname="Testcases.TestForwardMail"/>
  <testcase name="testAccount3ReceiveCorrectForwardEmail" time="4.288" classname="Testcases.TestForwardMail"/>
  <testcase name="checkAccount2ForwardMailSuccessfully" time="15.452" classname="Testcases.TestForwardMail"/>
  <testcase name="account01sendMailToAccount02" time="255.691" classname="Testcases.TestForwardMail"/>
  <testcase name="checkAccount2ForwardMailSuccessfully" time="17.620" classname="Testcases.TestForwardMail"/>
  <testcase name="account2ForwardMailToAccount3" time="92.399" classname="Testcases.TestForwardMail"/>
  <testcase name="account01sendMailToAccount02" time="58.071" classname="Testcases.TestForwardMail"/>
  <testcase name="testAccount3ReceiveCorrectForwardEmail" time="3.736" classname="Testcases.TestForwardMail"/>
  <testcase name="checkAccount2ForwardMailSuccessfully" time="4.846" classname="Testcases.TestForwardMail"/>
  <testcase name="account01sendMailToAccount02" time="118.520" classname="Testcases.TestForwardMail"/>
  <testcase name="account01sendMailToAccount02" time="56.939" classname="Testcases.TestForwardMail"/>
  <testcase name="checkAccount2ForwardMailSuccessfully" time="4.520" classname="Testcases.TestForwardMail"/>
  <testcase name="testAccount3ReceiveCorrectForwardEmail" time="4.211" classname="Testcases.TestForwardMail"/>
  <testcase name="account2ForwardMailToAccount3" time="37.151" classname="Testcases.TestForwardMail"/>
  <testcase name="account2ForwardMailToAccount3" time="100.933" classname="Testcases.TestForwardMail"/>
</testsuite> <!-- Testcases.TestForwardMail -->
