<?xml version="1.0" encoding="UTF-8"?>
<!-- Generated by org.testng.reporters.JUnitReportReporter -->
<testsuite hostname="DESKTOP-0QVT778" name="Testcases.testYahoo" tests="1" failures="0" timestamp="19 Oct 2016 05:56:30 GMT" time="30.087" errors="0">
  <testcase name="testingaddYahoo" time="30.087" classname="Testcases.testYahoo"/>
</testsuite> <!-- Testcases.testYahoo -->
