<?xml version="1.0" encoding="UTF-8"?>
<!-- Generated by org.testng.reporters.JUnitReportReporter -->
<testsuite hostname="DESKTOP-MV11GS7" name="Testcases.TestSendMail" tests="15" failures="0" timestamp="17 Aug 2016 09:03:55 GMT" time="649.033" errors="0">
  <testcase name="sendMail" time="44.001" classname="Testcases.TestSendMail"/>
  <testcase name="sendMail" time="62.126" classname="Testcases.TestSendMail"/>
  <testcase name="checkSendMailSuccessfully" time="9.040" classname="Testcases.TestSendMail"/>
  <testcase name="checkSendMailSuccessfully" time="9.170" classname="Testcases.TestSendMail"/>
  <testcase name="checkSendMailSuccessfully" time="9.073" classname="Testcases.TestSendMail"/>
  <testcase name="TestAccountBReceiveMailSuccessfullyWithCorrectContent" time="4.462" classname="Testcases.TestSendMail"/>
  <testcase name="sendMail" time="110.228" classname="Testcases.TestSendMail"/>
  <testcase name="TestAccountBReceiveMailSuccessfullyWithCorrectContent" time="4.256" classname="Testcases.TestSendMail"/>
  <testcase name="checkSendMailSuccessfully" time="8.823" classname="Testcases.TestSendMail"/>
  <testcase name="checkSendMailSuccessfully" time="10.251" classname="Testcases.TestSendMail"/>
  <testcase name="TestAccountBReceiveMailSuccessfullyWithCorrectContent" time="3.349" classname="Testcases.TestSendMail"/>
  <testcase name="TestAccountBReceiveMailSuccessfullyWithCorrectContent" time="3.469" classname="Testcases.TestSendMail"/>
  <testcase name="TestAccountBReceiveMailSuccessfullyWithCorrectContent" time="3.886" classname="Testcases.TestSendMail"/>
  <testcase name="sendMail" time="113.020" classname="Testcases.TestSendMail"/>
  <testcase name="sendMail" time="253.879" classname="Testcases.TestSendMail"/>
</testsuite> <!-- Testcases.TestSendMail -->
