<?xml version="1.0" encoding="UTF-8"?>
<!-- Generated by org.testng.reporters.JUnitReportReporter -->
<testsuite hostname="DESKTOP-AVJE21G" name="Testcases.testcase" tests="1" failures="0" timestamp="26 Jul 2016 02:07:03 GMT" time="0.428" errors="0">
  <testcase name="TestString" time="0.428" classname="Testcases.testcase"/>
</testsuite> <!-- Testcases.testcase -->
