<?xml version="1.0" encoding="UTF-8"?>
<!-- Generated by org.testng.reporters.JUnitReportReporter -->
<testsuite hostname="DESKTOP-0QVT778" name="Testcases.TestoutllookAccount" tests="1" failures="0" timestamp="21 Oct 2016 10:43:31 GMT" time="46.461" errors="0">
  <testcase name="testingaddOutlook" time="46.461" classname="Testcases.TestoutllookAccount"/>
</testsuite> <!-- Testcases.TestoutllookAccount -->
