<?xml version="1.0" encoding="UTF-8"?>
<!-- Generated by org.testng.reporters.JUnitReportReporter -->
<testsuite hostname="DESKTOP-0QVT778" name="Testcases.TestotherAccount" tests="1" failures="0" timestamp="20 Oct 2016 09:15:18 GMT" time="45.738" errors="0">
  <testcase name="testingaddOtherAccount" time="45.738" classname="Testcases.TestotherAccount"/>
</testsuite> <!-- Testcases.TestotherAccount -->
