<?xml version="1.0" encoding="UTF-8"?>
<!-- Generated by org.testng.reporters.JUnitReportReporter -->
<testsuite hostname="DESKTOP-0QVT778" name="Testcases.testing" tests="1" failures="0" timestamp="21 Oct 2016 07:40:05 GMT" time="23.122" errors="0">
  <testcase name="testingadd" time="23.122" classname="Testcases.testing"/>
</testsuite> <!-- Testcases.testing -->
